<?xml version="1.0" encoding="UTF-8"?>
<testng-results skipped="0" failed="0" ignored="0" total="1" passed="1">
  <reporter-output>
  </reporter-output>
  <suite name="Default suite" duration-ms="81606" started-at="2020-05-14T08:44:48Z" finished-at="2020-05-14T08:46:10Z">
    <groups>
    </groups>
    <test name="Default test" duration-ms="81606" started-at="2020-05-14T08:44:48Z" finished-at="2020-05-14T08:46:10Z">
      <class name="com.prof.finz.teller.CashDeposit">
        <test-method status="PASS" signature="setup()[pri:0, instance:com.prof.finz.teller.CashDeposit@5622fdf]" name="setup" is-config="true" duration-ms="33061" started-at="2020-05-14T14:14:48Z" finished-at="2020-05-14T14:15:21Z">
          <reporter-output>
          </reporter-output>
        </test-method> <!-- setup -->
        <test-method status="PASS" signature="UpdatingData()[pri:0, instance:com.prof.finz.teller.CashDeposit@5622fdf]" name="UpdatingData" duration-ms="44404" started-at="2020-05-14T14:15:21Z" finished-at="2020-05-14T14:16:06Z">
          <reporter-output>
          </reporter-output>
        </test-method> <!-- UpdatingData -->
        <test-method status="PASS" signature="teardown()[pri:0, instance:com.prof.finz.teller.CashDeposit@5622fdf]" name="teardown" is-config="true" duration-ms="4129" started-at="2020-05-14T14:16:06Z" finished-at="2020-05-14T14:16:10Z">
          <reporter-output>
          </reporter-output>
        </test-method> <!-- teardown -->
      </class> <!-- com.prof.finz.teller.CashDeposit -->
    </test> <!-- Default test -->
  </suite> <!-- Default suite -->
</testng-results>
